<?xml version="1.0" encoding="UTF-8"?>
<!-- Generated by org.testng.reporters.JUnitXMLReporter -->
<testsuite ignored="0" hostname="MSI" failures="0" tests="10" name="All Tests" time="26.565" errors="0" timestamp="2023-01-10T16:46:10 GMT+03:00">
  <testcase classname="Tests" name="addProductToCart" time="2.223"/>
  <testcase classname="Tests" name="addSameProductToCartTwice" time="1.211"/>
  <testcase classname="Tests" name="checkCartAfterPageReload" time="1.314"/>
  <testcase classname="Tests" name="createOrderWithEmptyCart" time="0.467"/>
  <testcase classname="Tests" name="createOrderWithout3DSecureConfirm" time="1.446"/>
  <testcase classname="Tests" name="createOrderWithoutClientDetails" time="2.0"/>
  <testcase classname="Tests" name="createOrderWithoutDeliveryOptions" time="1.454"/>
  <testcase classname="Tests" name="deleteItemFromCart" time="1.112"/>
  <testcase classname="Tests" name="increaseCountOfProduct" time="1.045"/>
  <testcase classname="Tests" name="reduceCountOfProduct" time="0.851"/>
</testsuite> <!-- All Tests -->
