<?xml version="1.0" encoding="UTF-8"?>
<!-- Generated by org.testng.reporters.JUnitXMLReporter -->
<testsuite ignored="0" hostname="MSI" failures="0" tests="11" name="All Tests" time="54.305" errors="0" timestamp="2023-01-14T23:08:18 GMT+03:00">
  <testcase classname="test.Tests" name="addProductToCart" time="4.666"/>
  <testcase classname="test.Tests" name="addProductToFavorites" time="2.315"/>
  <testcase classname="test.Tests" name="addSameProductToCartTwice" time="3.794"/>
  <testcase classname="test.Tests" name="checkoutWithoutEmail" time="4.275"/>
  <testcase classname="test.Tests" name="checkoutWithoutName" time="4.265"/>
  <testcase classname="test.Tests" name="checkoutWithoutPhone" time="3.986"/>
  <testcase classname="test.Tests" name="decrementProductAmountInCart" time="2.933"/>
  <testcase classname="test.Tests" name="deleteProductFromCart" time="3.033"/>
  <testcase classname="test.Tests" name="incrementProductAmountInCart" time="2.927"/>
  <testcase classname="test.Tests" name="inputInvalidDataToProductAmountInCart" time="3.381"/>
  <testcase classname="test.Tests" name="removeProductFromFavorites" time="2.898"/>
</testsuite> <!-- All Tests -->
