<?xml version="1.0" encoding="UTF-8"?>
<testng-results ignored="0" total="10" passed="10" failed="0" skipped="0">
  <reporter-output>
  </reporter-output>
  <suite started-at="2023-01-10T16:45:44 GMT+03:00" name="All tests" finished-at="2023-01-10T16:46:10 GMT+03:00" duration-ms="26565">
    <groups>
    </groups>
    <test started-at="2023-01-10T16:45:44 GMT+03:00" name="All Tests" finished-at="2023-01-10T16:46:10 GMT+03:00" duration-ms="26565">
      <class name="Tests">
        <test-method is-config="true" signature="setUp()[pri:0, instance:Tests@245b4bdc]" started-at="2023-01-10T16:45:44 GMT+03:00" name="setUp" finished-at="2023-01-10T16:45:47 GMT+03:00" duration-ms="3267" status="PASS">
          <reporter-output>
          </reporter-output>
        </test-method> <!-- setUp -->
        <test-method signature="addProductToCart()[pri:0, instance:Tests@245b4bdc]" started-at="2023-01-10T16:45:47 GMT+03:00" name="addProductToCart" finished-at="2023-01-10T16:45:49 GMT+03:00" duration-ms="2223" status="PASS">
          <reporter-output>
          </reporter-output>
        </test-method> <!-- addProductToCart -->
        <test-method is-config="true" signature="waitBeforeNewTest()[pri:0, instance:Tests@245b4bdc]" started-at="2023-01-10T16:45:49 GMT+03:00" name="waitBeforeNewTest" finished-at="2023-01-10T16:45:50 GMT+03:00" duration-ms="1008" status="PASS">
          <reporter-output>
          </reporter-output>
        </test-method> <!-- waitBeforeNewTest -->
        <test-method signature="addSameProductToCartTwice()[pri:0, instance:Tests@245b4bdc]" started-at="2023-01-10T16:45:50 GMT+03:00" name="addSameProductToCartTwice" finished-at="2023-01-10T16:45:52 GMT+03:00" duration-ms="1211" status="PASS">
          <reporter-output>
          </reporter-output>
        </test-method> <!-- addSameProductToCartTwice -->
        <test-method is-config="true" signature="setUp()[pri:0, instance:Tests@245b4bdc]" started-at="2023-01-10T16:45:50 GMT+03:00" name="setUp" finished-at="2023-01-10T16:45:50 GMT+03:00" duration-ms="0" status="PASS">
          <reporter-output>
          </reporter-output>
        </test-method> <!-- setUp -->
        <test-method is-config="true" signature="waitBeforeNewTest()[pri:0, instance:Tests@245b4bdc]" started-at="2023-01-10T16:45:52 GMT+03:00" name="waitBeforeNewTest" finished-at="2023-01-10T16:45:53 GMT+03:00" duration-ms="1009" status="PASS">
          <reporter-output>
          </reporter-output>
        </test-method> <!-- waitBeforeNewTest -->
        <test-method is-config="true" signature="setUp()[pri:0, instance:Tests@245b4bdc]" started-at="2023-01-10T16:45:53 GMT+03:00" name="setUp" finished-at="2023-01-10T16:45:53 GMT+03:00" duration-ms="1" status="PASS">
          <reporter-output>
          </reporter-output>
        </test-method> <!-- setUp -->
        <test-method signature="checkCartAfterPageReload()[pri:0, instance:Tests@245b4bdc]" started-at="2023-01-10T16:45:53 GMT+03:00" name="checkCartAfterPageReload" finished-at="2023-01-10T16:45:54 GMT+03:00" duration-ms="1314" status="PASS">
          <reporter-output>
          </reporter-output>
        </test-method> <!-- checkCartAfterPageReload -->
        <test-method is-config="true" signature="waitBeforeNewTest()[pri:0, instance:Tests@245b4bdc]" started-at="2023-01-10T16:45:54 GMT+03:00" name="waitBeforeNewTest" finished-at="2023-01-10T16:45:55 GMT+03:00" duration-ms="1009" status="PASS">
          <reporter-output>
          </reporter-output>
        </test-method> <!-- waitBeforeNewTest -->
        <test-method signature="createOrderWithEmptyCart()[pri:0, instance:Tests@245b4bdc]" started-at="2023-01-10T16:45:55 GMT+03:00" name="createOrderWithEmptyCart" finished-at="2023-01-10T16:45:55 GMT+03:00" duration-ms="467" status="PASS">
          <reporter-output>
          </reporter-output>
        </test-method> <!-- createOrderWithEmptyCart -->
        <test-method is-config="true" signature="setUp()[pri:0, instance:Tests@245b4bdc]" started-at="2023-01-10T16:45:55 GMT+03:00" name="setUp" finished-at="2023-01-10T16:45:55 GMT+03:00" duration-ms="0" status="PASS">
          <reporter-output>
          </reporter-output>
        </test-method> <!-- setUp -->
        <test-method is-config="true" signature="waitBeforeNewTest()[pri:0, instance:Tests@245b4bdc]" started-at="2023-01-10T16:45:55 GMT+03:00" name="waitBeforeNewTest" finished-at="2023-01-10T16:45:56 GMT+03:00" duration-ms="1006" status="PASS">
          <reporter-output>
          </reporter-output>
        </test-method> <!-- waitBeforeNewTest -->
        <test-method signature="createOrderWithout3DSecureConfirm()[pri:0, instance:Tests@245b4bdc]" started-at="2023-01-10T16:45:56 GMT+03:00" name="createOrderWithout3DSecureConfirm" finished-at="2023-01-10T16:45:58 GMT+03:00" duration-ms="1446" status="PASS">
          <reporter-output>
          </reporter-output>
        </test-method> <!-- createOrderWithout3DSecureConfirm -->
        <test-method is-config="true" signature="setUp()[pri:0, instance:Tests@245b4bdc]" started-at="2023-01-10T16:45:56 GMT+03:00" name="setUp" finished-at="2023-01-10T16:45:56 GMT+03:00" duration-ms="0" status="PASS">
          <reporter-output>
          </reporter-output>
        </test-method> <!-- setUp -->
        <test-method is-config="true" signature="waitBeforeNewTest()[pri:0, instance:Tests@245b4bdc]" started-at="2023-01-10T16:45:58 GMT+03:00" name="waitBeforeNewTest" finished-at="2023-01-10T16:45:59 GMT+03:00" duration-ms="1011" status="PASS">
          <reporter-output>
          </reporter-output>
        </test-method> <!-- waitBeforeNewTest -->
        <test-method signature="createOrderWithoutClientDetails()[pri:0, instance:Tests@245b4bdc]" started-at="2023-01-10T16:45:59 GMT+03:00" name="createOrderWithoutClientDetails" finished-at="2023-01-10T16:46:01 GMT+03:00" duration-ms="2000" status="PASS">
          <reporter-output>
          </reporter-output>
        </test-method> <!-- createOrderWithoutClientDetails -->
        <test-method is-config="true" signature="setUp()[pri:0, instance:Tests@245b4bdc]" started-at="2023-01-10T16:45:59 GMT+03:00" name="setUp" finished-at="2023-01-10T16:45:59 GMT+03:00" duration-ms="0" status="PASS">
          <reporter-output>
          </reporter-output>
        </test-method> <!-- setUp -->
        <test-method is-config="true" signature="waitBeforeNewTest()[pri:0, instance:Tests@245b4bdc]" started-at="2023-01-10T16:46:01 GMT+03:00" name="waitBeforeNewTest" finished-at="2023-01-10T16:46:02 GMT+03:00" duration-ms="1012" status="PASS">
          <reporter-output>
          </reporter-output>
        </test-method> <!-- waitBeforeNewTest -->
        <test-method signature="createOrderWithoutDeliveryOptions()[pri:0, instance:Tests@245b4bdc]" started-at="2023-01-10T16:46:02 GMT+03:00" name="createOrderWithoutDeliveryOptions" finished-at="2023-01-10T16:46:03 GMT+03:00" duration-ms="1454" status="PASS">
          <reporter-output>
          </reporter-output>
        </test-method> <!-- createOrderWithoutDeliveryOptions -->
        <test-method is-config="true" signature="setUp()[pri:0, instance:Tests@245b4bdc]" started-at="2023-01-10T16:46:02 GMT+03:00" name="setUp" finished-at="2023-01-10T16:46:02 GMT+03:00" duration-ms="0" status="PASS">
          <reporter-output>
          </reporter-output>
        </test-method> <!-- setUp -->
        <test-method is-config="true" signature="waitBeforeNewTest()[pri:0, instance:Tests@245b4bdc]" started-at="2023-01-10T16:46:03 GMT+03:00" name="waitBeforeNewTest" finished-at="2023-01-10T16:46:04 GMT+03:00" duration-ms="1011" status="PASS">
          <reporter-output>
          </reporter-output>
        </test-method> <!-- waitBeforeNewTest -->
        <test-method is-config="true" signature="setUp()[pri:0, instance:Tests@245b4bdc]" started-at="2023-01-10T16:46:04 GMT+03:00" name="setUp" finished-at="2023-01-10T16:46:04 GMT+03:00" duration-ms="0" status="PASS">
          <reporter-output>
          </reporter-output>
        </test-method> <!-- setUp -->
        <test-method signature="deleteItemFromCart()[pri:0, instance:Tests@245b4bdc]" started-at="2023-01-10T16:46:04 GMT+03:00" name="deleteItemFromCart" finished-at="2023-01-10T16:46:06 GMT+03:00" duration-ms="1112" status="PASS">
          <reporter-output>
          </reporter-output>
        </test-method> <!-- deleteItemFromCart -->
        <test-method is-config="true" signature="waitBeforeNewTest()[pri:0, instance:Tests@245b4bdc]" started-at="2023-01-10T16:46:06 GMT+03:00" name="waitBeforeNewTest" finished-at="2023-01-10T16:46:07 GMT+03:00" duration-ms="1014" status="PASS">
          <reporter-output>
          </reporter-output>
        </test-method> <!-- waitBeforeNewTest -->
        <test-method signature="increaseCountOfProduct()[pri:0, instance:Tests@245b4bdc]" started-at="2023-01-10T16:46:07 GMT+03:00" name="increaseCountOfProduct" finished-at="2023-01-10T16:46:08 GMT+03:00" duration-ms="1045" status="PASS">
          <reporter-output>
          </reporter-output>
        </test-method> <!-- increaseCountOfProduct -->
        <test-method is-config="true" signature="setUp()[pri:0, instance:Tests@245b4bdc]" started-at="2023-01-10T16:46:07 GMT+03:00" name="setUp" finished-at="2023-01-10T16:46:07 GMT+03:00" duration-ms="0" status="PASS">
          <reporter-output>
          </reporter-output>
        </test-method> <!-- setUp -->
        <test-method is-config="true" signature="waitBeforeNewTest()[pri:0, instance:Tests@245b4bdc]" started-at="2023-01-10T16:46:08 GMT+03:00" name="waitBeforeNewTest" finished-at="2023-01-10T16:46:09 GMT+03:00" duration-ms="1008" status="PASS">
          <reporter-output>
          </reporter-output>
        </test-method> <!-- waitBeforeNewTest -->
        <test-method signature="reduceCountOfProduct()[pri:0, instance:Tests@245b4bdc]" started-at="2023-01-10T16:46:09 GMT+03:00" name="reduceCountOfProduct" finished-at="2023-01-10T16:46:09 GMT+03:00" duration-ms="851" status="PASS">
          <reporter-output>
          </reporter-output>
        </test-method> <!-- reduceCountOfProduct -->
        <test-method is-config="true" signature="setUp()[pri:0, instance:Tests@245b4bdc]" started-at="2023-01-10T16:46:09 GMT+03:00" name="setUp" finished-at="2023-01-10T16:46:09 GMT+03:00" duration-ms="0" status="PASS">
          <reporter-output>
          </reporter-output>
        </test-method> <!-- setUp -->
        <test-method is-config="true" signature="waitBeforeNewTest()[pri:0, instance:Tests@245b4bdc]" started-at="2023-01-10T16:46:09 GMT+03:00" name="waitBeforeNewTest" finished-at="2023-01-10T16:46:10 GMT+03:00" duration-ms="1003" status="PASS">
          <reporter-output>
          </reporter-output>
        </test-method> <!-- waitBeforeNewTest -->
        <test-method is-config="true" signature="closeDriver()[pri:0, instance:Tests@245b4bdc]" started-at="2023-01-10T16:46:10 GMT+03:00" name="closeDriver" finished-at="2023-01-10T16:46:10 GMT+03:00" duration-ms="57" status="PASS">
          <reporter-output>
          </reporter-output>
        </test-method> <!-- closeDriver -->
      </class> <!-- Tests -->
    </test> <!-- All Tests -->
  </suite> <!-- All tests -->
</testng-results>
