<?xml version="1.0" encoding="UTF-8"?>
<testng-results ignored="0" total="11" passed="11" failed="0" skipped="0">
  <reporter-output>
  </reporter-output>
  <suite started-at="2023-01-14T23:07:23 GMT+03:00" name="All tests" finished-at="2023-01-14T23:08:18 GMT+03:00" duration-ms="54305">
    <groups>
    </groups>
    <test started-at="2023-01-14T23:07:23 GMT+03:00" name="All Tests" finished-at="2023-01-14T23:08:18 GMT+03:00" duration-ms="54305">
      <class name="test.Tests">
        <test-method is-config="true" signature="setUp()[pri:0, instance:test.Tests@6c64cb25]" started-at="2023-01-14T23:07:23 GMT+03:00" name="setUp" finished-at="2023-01-14T23:07:27 GMT+03:00" duration-ms="3335" status="PASS">
          <reporter-output>
          </reporter-output>
        </test-method> <!-- setUp -->
        <test-method signature="addProductToCart()[pri:0, instance:test.Tests@6c64cb25]" started-at="2023-01-14T23:07:27 GMT+03:00" name="addProductToCart" finished-at="2023-01-14T23:07:31 GMT+03:00" duration-ms="4666" status="PASS">
          <reporter-output>
          </reporter-output>
        </test-method> <!-- addProductToCart -->
        <test-method is-config="true" signature="waitBeforeNewTest()[pri:0, instance:test.Tests@6c64cb25]" started-at="2023-01-14T23:07:31 GMT+03:00" name="waitBeforeNewTest" finished-at="2023-01-14T23:07:32 GMT+03:00" duration-ms="1010" status="PASS">
          <reporter-output>
          </reporter-output>
        </test-method> <!-- waitBeforeNewTest -->
        <test-method is-config="true" signature="setUp()[pri:0, instance:test.Tests@6c64cb25]" started-at="2023-01-14T23:07:32 GMT+03:00" name="setUp" finished-at="2023-01-14T23:07:32 GMT+03:00" duration-ms="0" status="PASS">
          <reporter-output>
          </reporter-output>
        </test-method> <!-- setUp -->
        <test-method signature="addProductToFavorites()[pri:0, instance:test.Tests@6c64cb25]" started-at="2023-01-14T23:07:32 GMT+03:00" name="addProductToFavorites" finished-at="2023-01-14T23:07:35 GMT+03:00" duration-ms="2315" status="PASS">
          <reporter-output>
          </reporter-output>
        </test-method> <!-- addProductToFavorites -->
        <test-method is-config="true" signature="waitBeforeNewTest()[pri:0, instance:test.Tests@6c64cb25]" started-at="2023-01-14T23:07:35 GMT+03:00" name="waitBeforeNewTest" finished-at="2023-01-14T23:07:36 GMT+03:00" duration-ms="1003" status="PASS">
          <reporter-output>
          </reporter-output>
        </test-method> <!-- waitBeforeNewTest -->
        <test-method is-config="true" signature="setUp()[pri:0, instance:test.Tests@6c64cb25]" started-at="2023-01-14T23:07:36 GMT+03:00" name="setUp" finished-at="2023-01-14T23:07:36 GMT+03:00" duration-ms="0" status="PASS">
          <reporter-output>
          </reporter-output>
        </test-method> <!-- setUp -->
        <test-method signature="addSameProductToCartTwice()[pri:0, instance:test.Tests@6c64cb25]" started-at="2023-01-14T23:07:36 GMT+03:00" name="addSameProductToCartTwice" finished-at="2023-01-14T23:07:40 GMT+03:00" duration-ms="3794" status="PASS">
          <reporter-output>
          </reporter-output>
        </test-method> <!-- addSameProductToCartTwice -->
        <test-method is-config="true" signature="waitBeforeNewTest()[pri:0, instance:test.Tests@6c64cb25]" started-at="2023-01-14T23:07:40 GMT+03:00" name="waitBeforeNewTest" finished-at="2023-01-14T23:07:41 GMT+03:00" duration-ms="1007" status="PASS">
          <reporter-output>
          </reporter-output>
        </test-method> <!-- waitBeforeNewTest -->
        <test-method signature="checkoutWithoutEmail()[pri:0, instance:test.Tests@6c64cb25]" started-at="2023-01-14T23:07:41 GMT+03:00" name="checkoutWithoutEmail" finished-at="2023-01-14T23:07:45 GMT+03:00" duration-ms="4275" status="PASS">
          <reporter-output>
          </reporter-output>
        </test-method> <!-- checkoutWithoutEmail -->
        <test-method is-config="true" signature="setUp()[pri:0, instance:test.Tests@6c64cb25]" started-at="2023-01-14T23:07:41 GMT+03:00" name="setUp" finished-at="2023-01-14T23:07:41 GMT+03:00" duration-ms="0" status="PASS">
          <reporter-output>
          </reporter-output>
        </test-method> <!-- setUp -->
        <test-method is-config="true" signature="waitBeforeNewTest()[pri:0, instance:test.Tests@6c64cb25]" started-at="2023-01-14T23:07:45 GMT+03:00" name="waitBeforeNewTest" finished-at="2023-01-14T23:07:46 GMT+03:00" duration-ms="1007" status="PASS">
          <reporter-output>
          </reporter-output>
        </test-method> <!-- waitBeforeNewTest -->
        <test-method is-config="true" signature="setUp()[pri:0, instance:test.Tests@6c64cb25]" started-at="2023-01-14T23:07:46 GMT+03:00" name="setUp" finished-at="2023-01-14T23:07:46 GMT+03:00" duration-ms="1" status="PASS">
          <reporter-output>
          </reporter-output>
        </test-method> <!-- setUp -->
        <test-method signature="checkoutWithoutName()[pri:0, instance:test.Tests@6c64cb25]" started-at="2023-01-14T23:07:46 GMT+03:00" name="checkoutWithoutName" finished-at="2023-01-14T23:07:50 GMT+03:00" duration-ms="4265" status="PASS">
          <reporter-output>
          </reporter-output>
        </test-method> <!-- checkoutWithoutName -->
        <test-method is-config="true" signature="waitBeforeNewTest()[pri:0, instance:test.Tests@6c64cb25]" started-at="2023-01-14T23:07:51 GMT+03:00" name="waitBeforeNewTest" finished-at="2023-01-14T23:07:52 GMT+03:00" duration-ms="1013" status="PASS">
          <reporter-output>
          </reporter-output>
        </test-method> <!-- waitBeforeNewTest -->
        <test-method signature="checkoutWithoutPhone()[pri:0, instance:test.Tests@6c64cb25]" started-at="2023-01-14T23:07:52 GMT+03:00" name="checkoutWithoutPhone" finished-at="2023-01-14T23:07:56 GMT+03:00" duration-ms="3986" status="PASS">
          <reporter-output>
          </reporter-output>
        </test-method> <!-- checkoutWithoutPhone -->
        <test-method is-config="true" signature="setUp()[pri:0, instance:test.Tests@6c64cb25]" started-at="2023-01-14T23:07:52 GMT+03:00" name="setUp" finished-at="2023-01-14T23:07:52 GMT+03:00" duration-ms="0" status="PASS">
          <reporter-output>
          </reporter-output>
        </test-method> <!-- setUp -->
        <test-method is-config="true" signature="waitBeforeNewTest()[pri:0, instance:test.Tests@6c64cb25]" started-at="2023-01-14T23:07:56 GMT+03:00" name="waitBeforeNewTest" finished-at="2023-01-14T23:07:57 GMT+03:00" duration-ms="1010" status="PASS">
          <reporter-output>
          </reporter-output>
        </test-method> <!-- waitBeforeNewTest -->
        <test-method signature="decrementProductAmountInCart()[pri:0, instance:test.Tests@6c64cb25]" started-at="2023-01-14T23:07:57 GMT+03:00" name="decrementProductAmountInCart" finished-at="2023-01-14T23:08:00 GMT+03:00" duration-ms="2933" status="PASS">
          <reporter-output>
          </reporter-output>
        </test-method> <!-- decrementProductAmountInCart -->
        <test-method is-config="true" signature="setUp()[pri:0, instance:test.Tests@6c64cb25]" started-at="2023-01-14T23:07:57 GMT+03:00" name="setUp" finished-at="2023-01-14T23:07:57 GMT+03:00" duration-ms="0" status="PASS">
          <reporter-output>
          </reporter-output>
        </test-method> <!-- setUp -->
        <test-method is-config="true" signature="waitBeforeNewTest()[pri:0, instance:test.Tests@6c64cb25]" started-at="2023-01-14T23:08:00 GMT+03:00" name="waitBeforeNewTest" finished-at="2023-01-14T23:08:01 GMT+03:00" duration-ms="1004" status="PASS">
          <reporter-output>
          </reporter-output>
        </test-method> <!-- waitBeforeNewTest -->
        <test-method signature="deleteProductFromCart()[pri:0, instance:test.Tests@6c64cb25]" started-at="2023-01-14T23:08:01 GMT+03:00" name="deleteProductFromCart" finished-at="2023-01-14T23:08:04 GMT+03:00" duration-ms="3033" status="PASS">
          <reporter-output>
          </reporter-output>
        </test-method> <!-- deleteProductFromCart -->
        <test-method is-config="true" signature="setUp()[pri:0, instance:test.Tests@6c64cb25]" started-at="2023-01-14T23:08:01 GMT+03:00" name="setUp" finished-at="2023-01-14T23:08:01 GMT+03:00" duration-ms="0" status="PASS">
          <reporter-output>
          </reporter-output>
        </test-method> <!-- setUp -->
        <test-method is-config="true" signature="waitBeforeNewTest()[pri:0, instance:test.Tests@6c64cb25]" started-at="2023-01-14T23:08:04 GMT+03:00" name="waitBeforeNewTest" finished-at="2023-01-14T23:08:05 GMT+03:00" duration-ms="1015" status="PASS">
          <reporter-output>
          </reporter-output>
        </test-method> <!-- waitBeforeNewTest -->
        <test-method signature="incrementProductAmountInCart()[pri:0, instance:test.Tests@6c64cb25]" started-at="2023-01-14T23:08:05 GMT+03:00" name="incrementProductAmountInCart" finished-at="2023-01-14T23:08:08 GMT+03:00" duration-ms="2927" status="PASS">
          <reporter-output>
          </reporter-output>
        </test-method> <!-- incrementProductAmountInCart -->
        <test-method is-config="true" signature="setUp()[pri:0, instance:test.Tests@6c64cb25]" started-at="2023-01-14T23:08:05 GMT+03:00" name="setUp" finished-at="2023-01-14T23:08:05 GMT+03:00" duration-ms="0" status="PASS">
          <reporter-output>
          </reporter-output>
        </test-method> <!-- setUp -->
        <test-method is-config="true" signature="waitBeforeNewTest()[pri:0, instance:test.Tests@6c64cb25]" started-at="2023-01-14T23:08:08 GMT+03:00" name="waitBeforeNewTest" finished-at="2023-01-14T23:08:09 GMT+03:00" duration-ms="1009" status="PASS">
          <reporter-output>
          </reporter-output>
        </test-method> <!-- waitBeforeNewTest -->
        <test-method signature="inputInvalidDataToProductAmountInCart()[pri:0, instance:test.Tests@6c64cb25]" started-at="2023-01-14T23:08:09 GMT+03:00" name="inputInvalidDataToProductAmountInCart" finished-at="2023-01-14T23:08:12 GMT+03:00" duration-ms="3381" status="PASS">
          <reporter-output>
          </reporter-output>
        </test-method> <!-- inputInvalidDataToProductAmountInCart -->
        <test-method is-config="true" signature="setUp()[pri:0, instance:test.Tests@6c64cb25]" started-at="2023-01-14T23:08:09 GMT+03:00" name="setUp" finished-at="2023-01-14T23:08:09 GMT+03:00" duration-ms="0" status="PASS">
          <reporter-output>
          </reporter-output>
        </test-method> <!-- setUp -->
        <test-method is-config="true" signature="waitBeforeNewTest()[pri:0, instance:test.Tests@6c64cb25]" started-at="2023-01-14T23:08:12 GMT+03:00" name="waitBeforeNewTest" finished-at="2023-01-14T23:08:13 GMT+03:00" duration-ms="1001" status="PASS">
          <reporter-output>
          </reporter-output>
        </test-method> <!-- waitBeforeNewTest -->
        <test-method signature="removeProductFromFavorites()[pri:0, instance:test.Tests@6c64cb25]" started-at="2023-01-14T23:08:13 GMT+03:00" name="removeProductFromFavorites" finished-at="2023-01-14T23:08:16 GMT+03:00" duration-ms="2898" status="PASS">
          <reporter-output>
          </reporter-output>
        </test-method> <!-- removeProductFromFavorites -->
        <test-method is-config="true" signature="setUp()[pri:0, instance:test.Tests@6c64cb25]" started-at="2023-01-14T23:08:13 GMT+03:00" name="setUp" finished-at="2023-01-14T23:08:13 GMT+03:00" duration-ms="0" status="PASS">
          <reporter-output>
          </reporter-output>
        </test-method> <!-- setUp -->
        <test-method is-config="true" signature="waitBeforeNewTest()[pri:0, instance:test.Tests@6c64cb25]" started-at="2023-01-14T23:08:16 GMT+03:00" name="waitBeforeNewTest" finished-at="2023-01-14T23:08:17 GMT+03:00" duration-ms="1008" status="PASS">
          <reporter-output>
          </reporter-output>
        </test-method> <!-- waitBeforeNewTest -->
        <test-method is-config="true" signature="closeDriver()[pri:0, instance:test.Tests@6c64cb25]" started-at="2023-01-14T23:08:17 GMT+03:00" name="closeDriver" finished-at="2023-01-14T23:08:18 GMT+03:00" duration-ms="136" status="PASS">
          <reporter-output>
          </reporter-output>
        </test-method> <!-- closeDriver -->
      </class> <!-- test.Tests -->
    </test> <!-- All Tests -->
  </suite> <!-- All tests -->
</testng-results>
